<?xml version="1.0" encoding="UTF-8"?>
<!-- Generated by org.testng.reporters.JUnitReportReporter -->
<testsuite hostname="Pinkys-Air.attlocal.net" failures="0" tests="1" name="rahulshettyacademy.tests.ErrorValidationsTest" time="17.094" errors="0" timestamp="2024-01-23T17:27:44 GMT-05:00" skipped="0">
  <testcase classname="rahulshettyacademy.tests.ErrorValidationsTest" name="LoginErrorValidation" time="17.094"/>
</testsuite> <!-- rahulshettyacademy.tests.ErrorValidationsTest -->
