<?xml version="1.0" encoding="UTF-8"?>
<!-- Generated by org.testng.reporters.JUnitReportReporter -->
<testsuite hostname="Pinkys-Air.attlocal.net" failures="0" tests="1" name="rahulshettyacademy.tests.submitOrder2" time="69.448" errors="0" timestamp="2024-01-11T23:52:21 GMT-05:00" skipped="0">
  <testcase classname="rahulshettyacademy.tests.submitOrder2" name="submitOrder" time="69.448"/>
</testsuite> <!-- rahulshettyacademy.tests.submitOrder2 -->
