<?xml version="1.0" encoding="UTF-8"?>
<!-- Generated by org.testng.reporters.JUnitReportReporter -->
<testsuite hostname="Pinkys-Air.attlocal.net" failures="0" tests="1" name="rahulshettyacademy.tests.ErrorValidations" time="17.224" errors="0" timestamp="2024-01-12T23:02:33 GMT-05:00" skipped="0">
  <testcase classname="rahulshettyacademy.tests.ErrorValidations" name="submitOrder" time="17.224"/>
</testsuite> <!-- rahulshettyacademy.tests.ErrorValidations -->
